<?xml version="1.0" encoding="UTF-8"?>
<!-- Generated by org.testng.reporters.JUnitReportReporter -->
<testsuite hostname="LAPTOP-H4P6QONU" failures="0" tests="2" name="Mevan_Frame.Academy.HomePage" time="17.420" errors="0" timestamp="5 Feb 2020 17:18:24 GMT">
  <testcase classname="Mevan_Frame.Academy.HomePage" name="basePageNavigation" time="9.840"/>
  <testcase classname="Mevan_Frame.Academy.HomePage" name="basePageNavigation" time="7.580"/>
</testsuite> <!-- Mevan_Frame.Academy.HomePage -->
