<?xml version="1.0" encoding="UTF-8"?>
<!-- Generated by org.testng.reporters.JUnitReportReporter -->
<testsuite hostname="LAPTOP-H4P6QONU" failures="0" tests="1" name="Mevan_Frame.Academy.CHECKPOINT" time="6.850" errors="0" timestamp="5 Feb 2020 19:04:50 GMT">
  <testcase classname="Mevan_Frame.Academy.CHECKPOINT" name="basePageNavigation" time="6.850"/>
</testsuite> <!-- Mevan_Frame.Academy.CHECKPOINT -->
